13:30:54 INFO  : Registering command handlers for SDK TCF services
13:30:55 INFO  : Launching XSCT server: xsct.bat -interactive D:\FPGA\LAB03_HW\p1\p1.sdk\temp_xsdb_launch_script.tcl
13:30:57 INFO  : XSCT server has started successfully.
13:30:57 INFO  : Successfully done setting XSCT server connection channel  
13:30:57 INFO  : Successfully done setting SDK workspace  
13:30:57 INFO  : Processing command line option -hwspec D:/FPGA/LAB03_HW/p1/p1.sdk/design_1_wrapper.hdf.
13:37:24 INFO  : Connected to target on host '127.0.0.1' and port '3121'.
13:37:25 INFO  : Jtag cable 'Xilinx TUL 1234-tulA' is selected.
13:37:25 INFO  : 'jtag frequency' command is executed.
13:37:25 INFO  : Sourcing of 'D:/FPGA/LAB03_HW/p1/p1.sdk/design_1_wrapper_hw_platform_0/ps7_init.tcl' is done.
13:37:25 INFO  : Context for 'APU' is selected.
13:37:25 INFO  : System reset is completed.
13:37:28 INFO  : 'after 3000' command is executed.
13:37:28 INFO  : 'targets -set -filter {jtag_cable_name =~ "Xilinx TUL 1234-tulA" && level==0} -index 1' command is executed.
13:37:30 INFO  : FPGA configured successfully with bitstream "D:/FPGA/LAB03_HW/p1/p1.sdk/design_1_wrapper_hw_platform_0/design_1_wrapper.bit"
13:37:30 INFO  : Context for 'APU' is selected.
13:37:30 INFO  : Hardware design information is loaded from 'D:/FPGA/LAB03_HW/p1/p1.sdk/design_1_wrapper_hw_platform_0/system.hdf'.
13:37:30 INFO  : 'configparams force-mem-access 1' command is executed.
13:37:31 INFO  : Context for 'APU' is selected.
13:37:31 INFO  : 'ps7_init' command is executed.
13:37:31 INFO  : 'ps7_post_config' command is executed.
13:37:31 INFO  : Context for processor 'ps7_cortexa9_0' is selected.
13:37:31 INFO  : The application 'D:/FPGA/LAB03_HW/p1/p1.sdk/rgb/Debug/rgb.elf' is downloaded to processor 'ps7_cortexa9_0'.
13:37:31 INFO  : 'configparams force-mem-access 0' command is executed.
13:37:31 INFO  : ----------------XSDB Script----------------
connect -url tcp:127.0.0.1:3121
source D:/FPGA/LAB03_HW/p1/p1.sdk/design_1_wrapper_hw_platform_0/ps7_init.tcl
targets -set -nocase -filter {name =~"APU*" && jtag_cable_name =~ "Xilinx TUL 1234-tulA"} -index 0
rst -system
after 3000
targets -set -filter {jtag_cable_name =~ "Xilinx TUL 1234-tulA" && level==0} -index 1
fpga -file D:/FPGA/LAB03_HW/p1/p1.sdk/design_1_wrapper_hw_platform_0/design_1_wrapper.bit
targets -set -nocase -filter {name =~"APU*" && jtag_cable_name =~ "Xilinx TUL 1234-tulA"} -index 0
loadhw -hw D:/FPGA/LAB03_HW/p1/p1.sdk/design_1_wrapper_hw_platform_0/system.hdf -mem-ranges [list {0x40000000 0xbfffffff}]
configparams force-mem-access 1
targets -set -nocase -filter {name =~"APU*" && jtag_cable_name =~ "Xilinx TUL 1234-tulA"} -index 0
ps7_init
ps7_post_config
targets -set -nocase -filter {name =~ "ARM*#0" && jtag_cable_name =~ "Xilinx TUL 1234-tulA"} -index 0
dow D:/FPGA/LAB03_HW/p1/p1.sdk/rgb/Debug/rgb.elf
configparams force-mem-access 0
----------------End of Script----------------

13:37:31 INFO  : Context for processor 'ps7_cortexa9_0' is selected.
13:37:31 INFO  : 'con' command is executed.
13:37:31 INFO  : ----------------XSDB Script (After Launch)----------------
targets -set -nocase -filter {name =~ "ARM*#0" && jtag_cable_name =~ "Xilinx TUL 1234-tulA"} -index 0
con
----------------End of Script----------------

13:37:31 INFO  : Disconnected from the channel tcfchan#1.
