Copyright 1986-2018 Xilinx, Inc. All Rights Reserved.
------------------------------------------------------------------------------------
| Tool Version : Vivado v.2018.3 (win64) Build 2405991 Thu Dec  6 23:38:27 MST 2018
| Date         : Thu Sep  5 16:07:48 2019
| Host         : MSI running 64-bit major release  (build 9200)
| Command      : upgrade_ip
| Device       : xc7z020clg400-1
------------------------------------------------------------------------------------

Upgrade Log for IP 'design_1_arithemetic_0_0'

1. Summary
----------

SUCCESS in the upgrade of design_1_arithemetic_0_0 (xilinx.com:user:arithemetic:1.0) from (Rev. 3) to (Rev. 4)






Copyright 1986-2018 Xilinx, Inc. All Rights Reserved.
------------------------------------------------------------------------------------
| Tool Version : Vivado v.2018.3 (win64) Build 2405991 Thu Dec  6 23:38:27 MST 2018
| Date         : Thu Sep  5 14:10:34 2019
| Host         : MSI running 64-bit major release  (build 9200)
| Command      : upgrade_ip
| Device       : xc7z020clg400-1
------------------------------------------------------------------------------------

Upgrade Log for IP 'design_1_arithemetic_0_0'

1. Summary
----------

SUCCESS in the upgrade of design_1_arithemetic_0_0 (xilinx.com:user:arithemetic:1.0) from (Rev. 2) to (Rev. 3)

